Using pre-set license
Built from '2020.2/release' branch; Version is '2020.2.0f1 (3721df5a8b28) revision 3613151'; Using compiler version '192528614'; Build Type 'Release'
OS: 'Windows 10  (10.0.0) 64bit' Language: 'en' Physical Memory: 8067 MB
BatchMode: 1, IsHumanControllingUs: 0, StartBugReporterOnCrash: 0, Is64bit: 1, IsPro: 0

 COMMAND LINE ARGUMENTS:
C:\Program Files\Unity\Hub\Editor\2020.2.0f1\Editor\Unity.exe
-adb2
-batchMode
-noUpm
-name
AssetImportWorker0
-projectPath
C:/Users/User/Documents/GitHub/Maze-GameJam-Git-Repository/Multiplayer Maze Game
-logFile
Logs/AssetImportWorker0.log
-srvPort
5099
Successfully changed project path to: C:/Users/User/Documents/GitHub/Maze-GameJam-Git-Repository/Multiplayer Maze Game
C:/Users/User/Documents/GitHub/Maze-GameJam-Git-Repository/Multiplayer Maze Game
Using Asset Import Pipeline V2.
Refreshing native plugins compatible for Editor in 45.94 ms, found 1 plugins.
Preloading 0 native plugins for Editor in 0.00 ms.
Initialize engine version: 2020.2.0f1 (3721df5a8b28)
[Subsystems] Discovering subsystems at path C:/Program Files/Unity/Hub/Editor/2020.2.0f1/Editor/Data/Resources/UnitySubsystems
[Subsystems] Discovering subsystems at path C:/Users/User/Documents/GitHub/Maze-GameJam-Git-Repository/Multiplayer Maze Game/Assets
GfxDevice: creating device client; threaded=0
Direct3D:
    Version:  Direct3D 11.0 [level 11.1]
    Renderer: NVIDIA GeForce MX150 (ID=0x1d10)
    Vendor:   
    VRAM:     1983 MB
    Driver:   26.21.14.3615
Initialize mono
Mono path[0] = 'C:/Program Files/Unity/Hub/Editor/2020.2.0f1/Editor/Data/Managed'
Mono path[1] = 'C:/Program Files/Unity/Hub/Editor/2020.2.0f1/Editor/Data/MonoBleedingEdge/lib/mono/unityjit'
Mono config path = 'C:/Program Files/Unity/Hub/Editor/2020.2.0f1/Editor/Data/MonoBleedingEdge/etc'
Using monoOptions --debugger-agent=transport=dt_socket,embedding=1,server=y,suspend=n,address=127.0.0.1:56940
Begin MonoManager ReloadAssembly
Registering precompiled unity dll's ...
Register platform support module: C:/Program Files/Unity/Hub/Editor/2020.2.0f1/Editor/Data/PlaybackEngines/WindowsStandaloneSupport/UnityEditor.WindowsStandalone.Extensions.dll
Registered in 0.002068 seconds.
Native extension for WindowsStandalone target not found
Refreshing native plugins compatible for Editor in 41.66 ms, found 1 plugins.
Preloading 0 native plugins for Editor in 0.00 ms.
Invoked RoslynAnalysisRunner static constructor.
RoslynAnalysisRunner will not be running.
RoslynAnalysisRunner has terminated.
Mono: successfully reloaded assembly
- Completed reload, in  1.315 seconds
Platform modules already initialized, skipping
Registering precompiled user dll's ...
Registered in 0.001145 seconds.
Begin MonoManager ReloadAssembly
Native extension for WindowsStandalone target not found
Refreshing native plugins compatible for Editor in 43.22 ms, found 1 plugins.
Preloading 0 native plugins for Editor in 0.00 ms.
Invoked RoslynAnalysisRunner static constructor.
RoslynAnalysisRunner will not be running.
RoslynAnalysisRunner has terminated.
Mono: successfully reloaded assembly
- Completed reload, in  1.083 seconds
Platform modules already initialized, skipping
========================================================================
Worker process is ready to serve import requests
Launched and connected shader compiler UnityShaderCompiler.exe after 0.04 seconds
Refreshing native plugins compatible for Editor in 0.59 ms, found 1 plugins.
Preloading 0 native plugins for Editor in 0.00 ms.
Unloading 1789 Unused Serialized files (Serialized files now loaded: 0)
System memory in use before: 84.2 MB.
System memory in use after: 84.2 MB.

Unloading 24 unused Assets to reduce memory usage. Loaded Objects now: 2229.
Total: 2.164600 ms (FindLiveObjects: 0.207800 ms CreateObjectMapping: 0.098600 ms MarkObjects: 1.749000 ms  DeleteObjects: 0.108000 ms)

========================================================================
Received Import Request.
  path: Assets/Sprites
  artifactKey: Guid(696eaf471f3a95d4ba65cd4b1f5283a3) Importer(815301076,1909f56bfc062723c751e8b465ee728b)
Start importing Assets/Sprites using Guid(696eaf471f3a95d4ba65cd4b1f5283a3) Importer(815301076,1909f56bfc062723c751e8b465ee728b)  -> (artifact id: 'e13e731ce394f2f43c88b55ed7402ecc') in 0.028324 seconds
  Import took 0.031531 seconds .

========================================================================
Received Prepare
Registering precompiled user dll's ...
Registered in 0.001549 seconds.
Begin MonoManager ReloadAssembly
Native extension for WindowsStandalone target not found
Refreshing native plugins compatible for Editor in 0.70 ms, found 1 plugins.
Preloading 0 native plugins for Editor in 0.00 ms.
Invoked RoslynAnalysisRunner static constructor.
RoslynAnalysisRunner will not be running.
RoslynAnalysisRunner has terminated.
Mono: successfully reloaded assembly
- Completed reload, in  2.311 seconds
Platform modules already initialized, skipping
Refreshing native plugins compatible for Editor in 0.69 ms, found 1 plugins.
Preloading 0 native plugins for Editor in 0.00 ms.
Unloading 1784 Unused Serialized files (Serialized files now loaded: 0)
System memory in use before: 84.3 MB.
System memory in use after: 84.3 MB.

Unloading 12 unused Assets to reduce memory usage. Loaded Objects now: 2232.
Total: 5.060700 ms (FindLiveObjects: 0.586000 ms CreateObjectMapping: 0.190300 ms MarkObjects: 3.973900 ms  DeleteObjects: 0.304800 ms)

========================================================================
Received Import Request.
  Time since last request: 332.687460 seconds.
  path: Assets/Sprites/Placeholder Art
  artifactKey: Guid(a86d3ca205047a24f9560741442d475f) Importer(815301076,1909f56bfc062723c751e8b465ee728b)
Start importing Assets/Sprites/Placeholder Art using Guid(a86d3ca205047a24f9560741442d475f) Importer(815301076,1909f56bfc062723c751e8b465ee728b)  -> (artifact id: '8fbfc1ef6f5ff061a79d68be39658c1b') in 0.014440 seconds
  Import took 0.017567 seconds .

========================================================================
Received Import Request.
  Time since last request: 1.718104 seconds.
  path: Assets/Sprites/Placeholder Art/Placeholder_Art_Wall.png
  artifactKey: Guid(a67ab8056a8792d4e85af9438f360773) Importer(815301076,1909f56bfc062723c751e8b465ee728b)
Start importing Assets/Sprites/Placeholder Art/Placeholder_Art_Wall.png using Guid(a67ab8056a8792d4e85af9438f360773) Importer(815301076,1909f56bfc062723c751e8b465ee728b)  -> (artifact id: '38be462312ed674acee9b36550370c44') in 0.187687 seconds
  Import took 0.191412 seconds .

========================================================================
Received Import Request.
  Time since last request: 81.607235 seconds.
  path: Assets/Scripts
  artifactKey: Guid(48607bcdcd321aa48ad0e9cf2d9695f5) Importer(815301076,1909f56bfc062723c751e8b465ee728b)
Start importing Assets/Scripts using Guid(48607bcdcd321aa48ad0e9cf2d9695f5) Importer(815301076,1909f56bfc062723c751e8b465ee728b)  -> (artifact id: 'c4f292ab0bc5612af90d10dabf3ecf4e') in 0.029394 seconds
  Import took 0.032882 seconds .

========================================================================
Received Prepare
Registering precompiled user dll's ...
Registered in 0.001786 seconds.
Begin MonoManager ReloadAssembly
Native extension for WindowsStandalone target not found
Refreshing native plugins compatible for Editor in 0.44 ms, found 1 plugins.
Preloading 0 native plugins for Editor in 0.00 ms.
Invoked RoslynAnalysisRunner static constructor.
RoslynAnalysisRunner will not be running.
RoslynAnalysisRunner has terminated.
Mono: successfully reloaded assembly
- Completed reload, in  1.955 seconds
Platform modules already initialized, skipping
Refreshing native plugins compatible for Editor in 0.37 ms, found 1 plugins.
Preloading 0 native plugins for Editor in 0.00 ms.
Unloading 1785 Unused Serialized files (Serialized files now loaded: 0)
System memory in use before: 87.5 MB.
System memory in use after: 87.5 MB.

Unloading 12 unused Assets to reduce memory usage. Loaded Objects now: 2242.
Total: 2.108300 ms (FindLiveObjects: 0.183300 ms CreateObjectMapping: 0.069700 ms MarkObjects: 1.751100 ms  DeleteObjects: 0.103000 ms)

========================================================================
Received Import Request.
  Time since last request: 11.840907 seconds.
  path: Assets/Scripts/NewBehaviourScript.cs
  artifactKey: Guid(067e9cc1a77753b4a8dbb5ddeac9e9d4) Importer(815301076,1909f56bfc062723c751e8b465ee728b)
Start importing Assets/Scripts/NewBehaviourScript.cs using Guid(067e9cc1a77753b4a8dbb5ddeac9e9d4) Importer(815301076,1909f56bfc062723c751e8b465ee728b)  -> (artifact id: '3e09e4ddc18c7304313245bb0c68663b') in 0.050441 seconds
  Import took 0.054465 seconds .

========================================================================
Received Import Request.
  Time since last request: 24.442223 seconds.
  path: Assets/Scripts/Gadgets.cs
  artifactKey: Guid(72d99ea23c98fba4b817d97ee90f41af) Importer(815301076,1909f56bfc062723c751e8b465ee728b)
Start importing Assets/Scripts/Gadgets.cs using Guid(72d99ea23c98fba4b817d97ee90f41af) Importer(815301076,1909f56bfc062723c751e8b465ee728b)  -> (artifact id: '30dadd9a2c1b66879a79416f35eb9fda') in 0.012520 seconds
  Import took 0.040734 seconds .

========================================================================
Received Prepare
Registering precompiled user dll's ...
Registered in 0.001223 seconds.
Begin MonoManager ReloadAssembly
Native extension for WindowsStandalone target not found
Refreshing native plugins compatible for Editor in 0.37 ms, found 1 plugins.
Preloading 0 native plugins for Editor in 0.00 ms.
Invoked RoslynAnalysisRunner static constructor.
RoslynAnalysisRunner will not be running.
RoslynAnalysisRunner has terminated.
Mono: successfully reloaded assembly
- Completed reload, in  1.115 seconds
Platform modules already initialized, skipping
Refreshing native plugins compatible for Editor in 0.55 ms, found 1 plugins.
Preloading 0 native plugins for Editor in 0.00 ms.
Unloading 1786 Unused Serialized files (Serialized files now loaded: 0)
System memory in use before: 87.6 MB.
System memory in use after: 87.6 MB.

Unloading 12 unused Assets to reduce memory usage. Loaded Objects now: 2246.
Total: 3.627900 ms (FindLiveObjects: 0.454900 ms CreateObjectMapping: 0.162800 ms MarkObjects: 2.863700 ms  DeleteObjects: 0.144300 ms)

========================================================================
Received Prepare
Registering precompiled user dll's ...
Registered in 0.001797 seconds.
Begin MonoManager ReloadAssembly
Native extension for WindowsStandalone target not found
Refreshing native plugins compatible for Editor in 0.42 ms, found 1 plugins.
Preloading 0 native plugins for Editor in 0.00 ms.
Invoked RoslynAnalysisRunner static constructor.
RoslynAnalysisRunner will not be running.
RoslynAnalysisRunner has terminated.
Mono: successfully reloaded assembly
- Completed reload, in  1.053 seconds
Platform modules already initialized, skipping
Refreshing native plugins compatible for Editor in 0.77 ms, found 1 plugins.
Preloading 0 native plugins for Editor in 0.00 ms.
Unloading 1785 Unused Serialized files (Serialized files now loaded: 0)
System memory in use before: 87.7 MB.
System memory in use after: 87.7 MB.

Unloading 13 unused Assets to reduce memory usage. Loaded Objects now: 2248.
Total: 3.748400 ms (FindLiveObjects: 0.337600 ms CreateObjectMapping: 0.184600 ms MarkObjects: 3.026900 ms  DeleteObjects: 0.196300 ms)

========================================================================
Received Import Request.
  Time since last request: 234.739249 seconds.
  path: Assets/Scripts/GadgetType.cs
  artifactKey: Guid(3fcf260377250e84a84d08d9e5d360da) Importer(815301076,1909f56bfc062723c751e8b465ee728b)
Start importing Assets/Scripts/GadgetType.cs using Guid(3fcf260377250e84a84d08d9e5d360da) Importer(815301076,1909f56bfc062723c751e8b465ee728b)  -> (artifact id: '1c59bc905c119816cbbdaa322a739f93') in 0.032278 seconds
  Import took 0.036980 seconds .

========================================================================
Received Prepare
Registering precompiled user dll's ...
Registered in 0.001279 seconds.
Begin MonoManager ReloadAssembly
Native extension for WindowsStandalone target not found
Refreshing native plugins compatible for Editor in 0.70 ms, found 1 plugins.
Preloading 0 native plugins for Editor in 0.00 ms.
Invoked RoslynAnalysisRunner static constructor.
RoslynAnalysisRunner will not be running.
RoslynAnalysisRunner has terminated.
Mono: successfully reloaded assembly
- Completed reload, in  2.403 seconds
Platform modules already initialized, skipping
Refreshing native plugins compatible for Editor in 1.01 ms, found 1 plugins.
Preloading 0 native plugins for Editor in 0.00 ms.
Unloading 1786 Unused Serialized files (Serialized files now loaded: 0)
System memory in use before: 87.9 MB.
System memory in use after: 87.9 MB.

Unloading 12 unused Assets to reduce memory usage. Loaded Objects now: 2252.
Total: 10.066200 ms (FindLiveObjects: 0.738800 ms CreateObjectMapping: 0.379700 ms MarkObjects: 8.527700 ms  DeleteObjects: 0.415600 ms)

========================================================================
Received Import Request.
  Time since last request: 323.062245 seconds.
  path: Assets/Scripts/Item.cs
  artifactKey: Guid(3fcf260377250e84a84d08d9e5d360da) Importer(815301076,1909f56bfc062723c751e8b465ee728b)
Start importing Assets/Scripts/Item.cs using Guid(3fcf260377250e84a84d08d9e5d360da) Importer(815301076,1909f56bfc062723c751e8b465ee728b)  -> (artifact id: '92cfb86a04ae893d4a891e2d6c91c291') in 0.020481 seconds
  Import took 0.025625 seconds .

========================================================================
Received Prepare
Registering precompiled user dll's ...
Registered in 0.001126 seconds.
Begin MonoManager ReloadAssembly
Native extension for WindowsStandalone target not found
Refreshing native plugins compatible for Editor in 0.36 ms, found 1 plugins.
Preloading 0 native plugins for Editor in 0.00 ms.
Invoked RoslynAnalysisRunner static constructor.
RoslynAnalysisRunner will not be running.
RoslynAnalysisRunner has terminated.
Mono: successfully reloaded assembly
- Completed reload, in  0.954 seconds
Platform modules already initialized, skipping
Refreshing native plugins compatible for Editor in 0.38 ms, found 1 plugins.
Preloading 0 native plugins for Editor in 0.00 ms.
Unloading 1786 Unused Serialized files (Serialized files now loaded: 0)
System memory in use before: 87.9 MB.
System memory in use after: 87.9 MB.

Unloading 12 unused Assets to reduce memory usage. Loaded Objects now: 2255.
Total: 2.336400 ms (FindLiveObjects: 0.233500 ms CreateObjectMapping: 0.094400 ms MarkObjects: 1.905400 ms  DeleteObjects: 0.101800 ms)

========================================================================
Received Prepare
Registering precompiled user dll's ...
Registered in 0.001105 seconds.
Begin MonoManager ReloadAssembly
Native extension for WindowsStandalone target not found
Refreshing native plugins compatible for Editor in 0.67 ms, found 1 plugins.
Preloading 0 native plugins for Editor in 0.00 ms.
Invoked RoslynAnalysisRunner static constructor.
RoslynAnalysisRunner will not be running.
RoslynAnalysisRunner has terminated.
Mono: successfully reloaded assembly
- Completed reload, in  1.369 seconds
Platform modules already initialized, skipping
Refreshing native plugins compatible for Editor in 0.61 ms, found 1 plugins.
Preloading 0 native plugins for Editor in 0.00 ms.
Unloading 1785 Unused Serialized files (Serialized files now loaded: 0)
System memory in use before: 88.0 MB.
System memory in use after: 88.0 MB.

Unloading 13 unused Assets to reduce memory usage. Loaded Objects now: 2257.
Total: 4.524000 ms (FindLiveObjects: 0.358000 ms CreateObjectMapping: 0.191400 ms MarkObjects: 3.681000 ms  DeleteObjects: 0.290800 ms)

========================================================================
Received Prepare
Registering precompiled user dll's ...
Registered in 0.003192 seconds.
Begin MonoManager ReloadAssembly
Native extension for WindowsStandalone target not found
Refreshing native plugins compatible for Editor in 0.61 ms, found 1 plugins.
Preloading 0 native plugins for Editor in 0.00 ms.
Invoked RoslynAnalysisRunner static constructor.
RoslynAnalysisRunner will not be running.
RoslynAnalysisRunner has terminated.
Mono: successfully reloaded assembly
- Completed reload, in  2.412 seconds
Platform modules already initialized, skipping
Refreshing native plugins compatible for Editor in 0.74 ms, found 1 plugins.
Preloading 0 native plugins for Editor in 0.00 ms.
Unloading 1786 Unused Serialized files (Serialized files now loaded: 0)
System memory in use before: 88.1 MB.
System memory in use after: 88.1 MB.

Unloading 12 unused Assets to reduce memory usage. Loaded Objects now: 2261.
Total: 3.719000 ms (FindLiveObjects: 0.346800 ms CreateObjectMapping: 0.192000 ms MarkObjects: 2.997400 ms  DeleteObjects: 0.180000 ms)

========================================================================
Received Import Request.
  Time since last request: 51.838575 seconds.
  path: Assets/Scripts/NewBehaviourScript1.cs
  artifactKey: Guid(b8961184132aab440aa6fb43abf7658b) Importer(815301076,1909f56bfc062723c751e8b465ee728b)
Start importing Assets/Scripts/NewBehaviourScript1.cs using Guid(b8961184132aab440aa6fb43abf7658b) Importer(815301076,1909f56bfc062723c751e8b465ee728b)  -> (artifact id: '7365f853da708ff8d390d00e17016b70') in 0.024218 seconds
  Import took 0.030905 seconds .

========================================================================
Received Import Request.
  Time since last request: 1.284064 seconds.
  path: Assets/Scripts/PlayerMovement.cs
  artifactKey: Guid(8c5f90cdf3965ae4291e660e75d1b8ab) Importer(815301076,1909f56bfc062723c751e8b465ee728b)
Start importing Assets/Scripts/PlayerMovement.cs using Guid(8c5f90cdf3965ae4291e660e75d1b8ab) Importer(815301076,1909f56bfc062723c751e8b465ee728b)  -> (artifact id: '4948f9910403fb69f4801a17c48d6f06') in 0.041175 seconds
  Import took 0.048161 seconds .

========================================================================
Received Import Request.
  Time since last request: 0.035853 seconds.
  path: Assets/Scripts/PlayerMovement.cs
  artifactKey: Guid(8c5f90cdf3965ae4291e660e75d1b8ab) Importer(815301076,1909f56bfc062723c751e8b465ee728b)
Start importing Assets/Scripts/PlayerMovement.cs using Guid(8c5f90cdf3965ae4291e660e75d1b8ab) Importer(815301076,1909f56bfc062723c751e8b465ee728b)  -> (artifact id: '4948f9910403fb69f4801a17c48d6f06') in 0.008556 seconds
  Import took 0.016597 seconds .

========================================================================
Received Import Request.
  Time since last request: 13.057035 seconds.
  path: Assets/Scripts/NewBehaviourScript2.cs
  artifactKey: Guid(52bb67c9f2a5939419330b4a3edaa83b) Importer(815301076,1909f56bfc062723c751e8b465ee728b)
Start importing Assets/Scripts/NewBehaviourScript2.cs using Guid(52bb67c9f2a5939419330b4a3edaa83b) Importer(815301076,1909f56bfc062723c751e8b465ee728b)  -> (artifact id: '9128d2fd3e1c4548e263d2fa6e9e8a2c') in 0.023198 seconds
  Import took 0.033383 seconds .

========================================================================
Received Prepare
Registering precompiled user dll's ...
Registered in 0.002321 seconds.
Begin MonoManager ReloadAssembly
Native extension for WindowsStandalone target not found
Refreshing native plugins compatible for Editor in 0.89 ms, found 1 plugins.
Preloading 0 native plugins for Editor in 0.00 ms.
Invoked RoslynAnalysisRunner static constructor.
RoslynAnalysisRunner will not be running.
RoslynAnalysisRunner has terminated.
Mono: successfully reloaded assembly
- Completed reload, in  2.031 seconds
Platform modules already initialized, skipping
Refreshing native plugins compatible for Editor in 0.62 ms, found 1 plugins.
Preloading 0 native plugins for Editor in 0.00 ms.
Unloading 1787 Unused Serialized files (Serialized files now loaded: 0)
System memory in use before: 88.2 MB.
System memory in use after: 88.2 MB.

Unloading 12 unused Assets to reduce memory usage. Loaded Objects now: 2265.
Total: 4.215800 ms (FindLiveObjects: 0.481700 ms CreateObjectMapping: 0.159900 ms MarkObjects: 3.390000 ms  DeleteObjects: 0.182100 ms)

========================================================================
Received Prepare
Registering precompiled user dll's ...
Registered in 0.002236 seconds.
Begin MonoManager ReloadAssembly
Native extension for WindowsStandalone target not found
Refreshing native plugins compatible for Editor in 0.67 ms, found 1 plugins.
Preloading 0 native plugins for Editor in 0.00 ms.
Invoked RoslynAnalysisRunner static constructor.
RoslynAnalysisRunner will not be running.
RoslynAnalysisRunner has terminated.
Mono: successfully reloaded assembly
- Completed reload, in  2.245 seconds
Platform modules already initialized, skipping
Refreshing native plugins compatible for Editor in 0.69 ms, found 1 plugins.
Preloading 0 native plugins for Editor in 0.00 ms.
Unloading 1786 Unused Serialized files (Serialized files now loaded: 0)
System memory in use before: 88.3 MB.
System memory in use after: 88.3 MB.

Unloading 13 unused Assets to reduce memory usage. Loaded Objects now: 2267.
Total: 4.202900 ms (FindLiveObjects: 0.393200 ms CreateObjectMapping: 0.202600 ms MarkObjects: 3.418500 ms  DeleteObjects: 0.186400 ms)

========================================================================
Received Prepare
Registering precompiled user dll's ...
Registered in 0.003033 seconds.
Begin MonoManager ReloadAssembly
Native extension for WindowsStandalone target not found
Refreshing native plugins compatible for Editor in 0.64 ms, found 1 plugins.
Preloading 0 native plugins for Editor in 0.00 ms.
Invoked RoslynAnalysisRunner static constructor.
RoslynAnalysisRunner will not be running.
RoslynAnalysisRunner has terminated.
Mono: successfully reloaded assembly
- Completed reload, in  2.053 seconds
Platform modules already initialized, skipping
Refreshing native plugins compatible for Editor in 0.89 ms, found 1 plugins.
Preloading 0 native plugins for Editor in 0.00 ms.
Unloading 1785 Unused Serialized files (Serialized files now loaded: 0)
System memory in use before: 88.4 MB.
System memory in use after: 88.4 MB.

Unloading 13 unused Assets to reduce memory usage. Loaded Objects now: 2269.
Total: 4.984800 ms (FindLiveObjects: 0.318800 ms CreateObjectMapping: 0.140200 ms MarkObjects: 4.333600 ms  DeleteObjects: 0.189800 ms)

========================================================================
Received Prepare
Registering precompiled user dll's ...
Registered in 0.002175 seconds.
Begin MonoManager ReloadAssembly
Native extension for WindowsStandalone target not found
Refreshing native plugins compatible for Editor in 0.95 ms, found 1 plugins.
Preloading 0 native plugins for Editor in 0.00 ms.
Invoked RoslynAnalysisRunner static constructor.
RoslynAnalysisRunner will not be running.
RoslynAnalysisRunner has terminated.
Mono: successfully reloaded assembly
- Completed reload, in  2.058 seconds
Platform modules already initialized, skipping
Refreshing native plugins compatible for Editor in 0.59 ms, found 1 plugins.
Preloading 0 native plugins for Editor in 0.00 ms.
Unloading 1784 Unused Serialized files (Serialized files now loaded: 0)
System memory in use before: 88.5 MB.
System memory in use after: 88.5 MB.

Unloading 13 unused Assets to reduce memory usage. Loaded Objects now: 2271.
Total: 3.758700 ms (FindLiveObjects: 0.310600 ms CreateObjectMapping: 0.131800 ms MarkObjects: 3.127700 ms  DeleteObjects: 0.186300 ms)

========================================================================
Received Import Request.
  Time since last request: 64.701904 seconds.
  path: Assets/Scripts/Items.cs
  artifactKey: Guid(b17daac0188272c47af410262aeced0b) Importer(815301076,1909f56bfc062723c751e8b465ee728b)
Start importing Assets/Scripts/Items.cs using Guid(b17daac0188272c47af410262aeced0b) Importer(815301076,1909f56bfc062723c751e8b465ee728b)  -> (artifact id: 'ad5bbeb9d5cac764db1cb09cb36b6c10') in 0.047096 seconds
  Import took 0.060281 seconds .

========================================================================
Received Prepare
Registering precompiled user dll's ...
Registered in 0.004690 seconds.
Begin MonoManager ReloadAssembly
Native extension for WindowsStandalone target not found
Refreshing native plugins compatible for Editor in 0.64 ms, found 1 plugins.
Preloading 0 native plugins for Editor in 0.00 ms.
Invoked RoslynAnalysisRunner static constructor.
RoslynAnalysisRunner will not be running.
RoslynAnalysisRunner has terminated.
Mono: successfully reloaded assembly
- Completed reload, in  3.000 seconds
Platform modules already initialized, skipping
Refreshing native plugins compatible for Editor in 0.61 ms, found 1 plugins.
Preloading 0 native plugins for Editor in 0.00 ms.
Unloading 1785 Unused Serialized files (Serialized files now loaded: 0)
System memory in use before: 88.6 MB.
System memory in use after: 88.6 MB.

Unloading 12 unused Assets to reduce memory usage. Loaded Objects now: 2275.
Total: 5.508200 ms (FindLiveObjects: 0.678900 ms CreateObjectMapping: 0.270400 ms MarkObjects: 4.361600 ms  DeleteObjects: 0.193400 ms)

========================================================================
Received Prepare
Registering precompiled user dll's ...
Registered in 0.001679 seconds.
Begin MonoManager ReloadAssembly
Native extension for WindowsStandalone target not found
Refreshing native plugins compatible for Editor in 0.61 ms, found 1 plugins.
Preloading 0 native plugins for Editor in 0.00 ms.
Invoked RoslynAnalysisRunner static constructor.
RoslynAnalysisRunner will not be running.
RoslynAnalysisRunner has terminated.
Mono: successfully reloaded assembly
- Completed reload, in  0.966 seconds
Platform modules already initialized, skipping
Refreshing native plugins compatible for Editor in 0.40 ms, found 1 plugins.
Preloading 0 native plugins for Editor in 0.00 ms.
Unloading 1785 Unused Serialized files (Serialized files now loaded: 0)
System memory in use before: 88.7 MB.
System memory in use after: 88.7 MB.

Unloading 12 unused Assets to reduce memory usage. Loaded Objects now: 2278.
Total: 2.464400 ms (FindLiveObjects: 0.222600 ms CreateObjectMapping: 0.072900 ms MarkObjects: 2.064600 ms  DeleteObjects: 0.103400 ms)

========================================================================
Received Import Request.
  Time since last request: 181.294468 seconds.
  path: Assets/Scripts/Items.cs
  artifactKey: Guid(b17daac0188272c47af410262aeced0b) Importer(815301076,1909f56bfc062723c751e8b465ee728b)
Start importing Assets/Scripts/Items.cs using Guid(b17daac0188272c47af410262aeced0b) Importer(815301076,1909f56bfc062723c751e8b465ee728b)  -> (artifact id: 'f030e0e504a468185d6e4f30274b9fbb') in 0.006285 seconds
  Import took 0.009537 seconds .

========================================================================
Received Prepare
Registering precompiled user dll's ...
Registered in 0.001212 seconds.
Begin MonoManager ReloadAssembly
Native extension for WindowsStandalone target not found
Refreshing native plugins compatible for Editor in 0.59 ms, found 1 plugins.
Preloading 0 native plugins for Editor in 0.00 ms.
Invoked RoslynAnalysisRunner static constructor.
RoslynAnalysisRunner will not be running.
RoslynAnalysisRunner has terminated.
Mono: successfully reloaded assembly
- Completed reload, in  0.966 seconds
Platform modules already initialized, skipping
Refreshing native plugins compatible for Editor in 0.77 ms, found 1 plugins.
Preloading 0 native plugins for Editor in 0.00 ms.
Unloading 1786 Unused Serialized files (Serialized files now loaded: 0)
System memory in use before: 88.8 MB.
System memory in use after: 88.8 MB.

Unloading 12 unused Assets to reduce memory usage. Loaded Objects now: 2282.
Total: 2.191600 ms (FindLiveObjects: 0.257600 ms CreateObjectMapping: 0.097400 ms MarkObjects: 1.712400 ms  DeleteObjects: 0.122200 ms)

========================================================================
Received Import Request.
  Time since last request: 1134.290276 seconds.
  path: Assets/PowerUpSpeed.cs
  artifactKey: Guid(c56e705f9a1652e4f98b8802f2683de4) Importer(815301076,1909f56bfc062723c751e8b465ee728b)
Start importing Assets/PowerUpSpeed.cs using Guid(c56e705f9a1652e4f98b8802f2683de4) Importer(815301076,1909f56bfc062723c751e8b465ee728b)  -> (artifact id: 'a4bc1979b64bf58ef023534cdeeb7664') in 0.012211 seconds
  Import took 0.015700 seconds .

========================================================================
Received Prepare
Registering precompiled user dll's ...
Registered in 0.001135 seconds.
Begin MonoManager ReloadAssembly
Native extension for WindowsStandalone target not found
Refreshing native plugins compatible for Editor in 0.69 ms, found 1 plugins.
Preloading 0 native plugins for Editor in 0.00 ms.
Invoked RoslynAnalysisRunner static constructor.
RoslynAnalysisRunner will not be running.
RoslynAnalysisRunner has terminated.
Mono: successfully reloaded assembly
- Completed reload, in  2.036 seconds
Platform modules already initialized, skipping
Refreshing native plugins compatible for Editor in 0.71 ms, found 1 plugins.
Preloading 0 native plugins for Editor in 0.00 ms.
Unloading 1786 Unused Serialized files (Serialized files now loaded: 0)
System memory in use before: 88.9 MB.
System memory in use after: 88.9 MB.

Unloading 12 unused Assets to reduce memory usage. Loaded Objects now: 2285.
Total: 4.160000 ms (FindLiveObjects: 0.427700 ms CreateObjectMapping: 0.172500 ms MarkObjects: 3.379700 ms  DeleteObjects: 0.177800 ms)

========================================================================
Received Prepare
Registering precompiled user dll's ...
Registered in 0.005348 seconds.
Begin MonoManager ReloadAssembly
Native extension for WindowsStandalone target not found
Refreshing native plugins compatible for Editor in 0.43 ms, found 1 plugins.
Preloading 0 native plugins for Editor in 0.00 ms.
Invoked RoslynAnalysisRunner static constructor.
RoslynAnalysisRunner will not be running.
RoslynAnalysisRunner has terminated.
Mono: successfully reloaded assembly
- Completed reload, in  1.179 seconds
Platform modules already initialized, skipping
Refreshing native plugins compatible for Editor in 0.40 ms, found 1 plugins.
Preloading 0 native plugins for Editor in 0.00 ms.
Unloading 1786 Unused Serialized files (Serialized files now loaded: 0)
System memory in use before: 89.0 MB.
System memory in use after: 89.0 MB.

Unloading 12 unused Assets to reduce memory usage. Loaded Objects now: 2288.
Total: 3.184900 ms (FindLiveObjects: 0.357500 ms CreateObjectMapping: 0.163200 ms MarkObjects: 2.502300 ms  DeleteObjects: 0.158400 ms)

========================================================================
Received Prepare
Registering precompiled user dll's ...
Registered in 0.001133 seconds.
Begin MonoManager ReloadAssembly
Native extension for WindowsStandalone target not found
Refreshing native plugins compatible for Editor in 0.63 ms, found 1 plugins.
Preloading 0 native plugins for Editor in 0.00 ms.
Invoked RoslynAnalysisRunner static constructor.
RoslynAnalysisRunner will not be running.
RoslynAnalysisRunner has terminated.
Mono: successfully reloaded assembly
- Completed reload, in  1.674 seconds
Platform modules already initialized, skipping
Refreshing native plugins compatible for Editor in 0.68 ms, found 1 plugins.
Preloading 0 native plugins for Editor in 0.00 ms.
Unloading 1785 Unused Serialized files (Serialized files now loaded: 0)
System memory in use before: 89.0 MB.
System memory in use after: 89.0 MB.

Unloading 13 unused Assets to reduce memory usage. Loaded Objects now: 2290.
Total: 4.292900 ms (FindLiveObjects: 0.384300 ms CreateObjectMapping: 0.155400 ms MarkObjects: 3.530700 ms  DeleteObjects: 0.219400 ms)

========================================================================
Received Prepare
Registering precompiled user dll's ...
Registered in 0.002329 seconds.
Begin MonoManager ReloadAssembly
Native extension for WindowsStandalone target not found
Refreshing native plugins compatible for Editor in 0.50 ms, found 1 plugins.
Preloading 0 native plugins for Editor in 0.00 ms.
Invoked RoslynAnalysisRunner static constructor.
RoslynAnalysisRunner will not be running.
RoslynAnalysisRunner has terminated.
Mono: successfully reloaded assembly
- Completed reload, in  0.948 seconds
Platform modules already initialized, skipping
Refreshing native plugins compatible for Editor in 0.61 ms, found 1 plugins.
Preloading 0 native plugins for Editor in 0.00 ms.
Unloading 1784 Unused Serialized files (Serialized files now loaded: 0)
System memory in use before: 89.1 MB.
System memory in use after: 89.1 MB.

Unloading 13 unused Assets to reduce memory usage. Loaded Objects now: 2292.
Total: 4.392200 ms (FindLiveObjects: 0.382000 ms CreateObjectMapping: 0.156400 ms MarkObjects: 3.648200 ms  DeleteObjects: 0.203000 ms)

========================================================================
Received Import Request.
  Time since last request: 701.757631 seconds.
  path: Assets/Scripts/CameraController.cs
  artifactKey: Guid(70e6349448c4bd847bb89b18dfa38543) Importer(815301076,1909f56bfc062723c751e8b465ee728b)
Start importing Assets/Scripts/CameraController.cs using Guid(70e6349448c4bd847bb89b18dfa38543) Importer(815301076,1909f56bfc062723c751e8b465ee728b)  -> (artifact id: '4e3852dce7025ead95c4e373ea6cbd0e') in 0.010653 seconds
  Import took 0.015040 seconds .

========================================================================
Received Import Request.
  Time since last request: 0.024614 seconds.
  path: Assets/Scripts/CameraController.cs
  artifactKey: Guid(70e6349448c4bd847bb89b18dfa38543) Importer(815301076,1909f56bfc062723c751e8b465ee728b)
Start importing Assets/Scripts/CameraController.cs using Guid(70e6349448c4bd847bb89b18dfa38543) Importer(815301076,1909f56bfc062723c751e8b465ee728b)  -> (artifact id: '4e3852dce7025ead95c4e373ea6cbd0e') in 0.004058 seconds
  Import took 0.007817 seconds .

========================================================================
Received Prepare
Registering precompiled user dll's ...
Registered in 0.001352 seconds.
Begin MonoManager ReloadAssembly
Native extension for WindowsStandalone target not found
Refreshing native plugins compatible for Editor in 0.39 ms, found 1 plugins.
Preloading 0 native plugins for Editor in 0.00 ms.
Invoked RoslynAnalysisRunner static constructor.
RoslynAnalysisRunner will not be running.
RoslynAnalysisRunner has terminated.
Mono: successfully reloaded assembly
- Completed reload, in  1.050 seconds
Platform modules already initialized, skipping
Refreshing native plugins compatible for Editor in 0.62 ms, found 1 plugins.
Preloading 0 native plugins for Editor in 0.00 ms.
Unloading 1785 Unused Serialized files (Serialized files now loaded: 0)
System memory in use before: 89.2 MB.
System memory in use after: 89.2 MB.

Unloading 12 unused Assets to reduce memory usage. Loaded Objects now: 2296.
Total: 2.500600 ms (FindLiveObjects: 0.224600 ms CreateObjectMapping: 0.075200 ms MarkObjects: 2.092500 ms  DeleteObjects: 0.106700 ms)

========================================================================
Received Prepare
Registering precompiled user dll's ...
Registered in 0.002180 seconds.
Begin MonoManager ReloadAssembly
Native extension for WindowsStandalone target not found
Refreshing native plugins compatible for Editor in 0.62 ms, found 1 plugins.
Preloading 0 native plugins for Editor in 0.00 ms.
Invoked RoslynAnalysisRunner static constructor.
RoslynAnalysisRunner will not be running.
RoslynAnalysisRunner has terminated.
Mono: successfully reloaded assembly
- Completed reload, in  2.166 seconds
Platform modules already initialized, skipping
Refreshing native plugins compatible for Editor in 1.02 ms, found 1 plugins.
Preloading 0 native plugins for Editor in 0.00 ms.
Unloading 1785 Unused Serialized files (Serialized files now loaded: 0)
System memory in use before: 89.3 MB.
System memory in use after: 89.3 MB.

Unloading 12 unused Assets to reduce memory usage. Loaded Objects now: 2299.
Total: 4.632300 ms (FindLiveObjects: 0.465600 ms CreateObjectMapping: 0.215500 ms MarkObjects: 3.751600 ms  DeleteObjects: 0.196400 ms)

========================================================================
Received Import Request.
  Time since last request: 100.351360 seconds.
  path: Assets/Scenes
  artifactKey: Guid(af4a784e3a94f3b4d910862686b493ee) Importer(815301076,1909f56bfc062723c751e8b465ee728b)
Start importing Assets/Scenes using Guid(af4a784e3a94f3b4d910862686b493ee) Importer(815301076,1909f56bfc062723c751e8b465ee728b)  -> (artifact id: '35a41bc0d1c5deb82302deac31b400c2') in 0.028172 seconds
  Import took 0.034637 seconds .

========================================================================
Received Import Request.
  Time since last request: 0.000429 seconds.
  path: Assets/Scripts/PlayerItem.cs
  artifactKey: Guid(136d34e9b24c5cd4fb5f8d28cfdd0c29) Importer(815301076,1909f56bfc062723c751e8b465ee728b)
Start importing Assets/Scripts/PlayerItem.cs using Guid(136d34e9b24c5cd4fb5f8d28cfdd0c29) Importer(815301076,1909f56bfc062723c751e8b465ee728b)  -> (artifact id: '818852ed4bb5fd25443b659d9ee0c5bb') in 0.020372 seconds
  Import took 0.029157 seconds .

========================================================================
Received Import Request.
  Time since last request: 269.540216 seconds.
  path: Assets/Scripts/ItemBOx.cs
  artifactKey: Guid(b3c05584ae706b245b73d0631fc9b7f1) Importer(815301076,1909f56bfc062723c751e8b465ee728b)
Start importing Assets/Scripts/ItemBOx.cs using Guid(b3c05584ae706b245b73d0631fc9b7f1) Importer(815301076,1909f56bfc062723c751e8b465ee728b)  -> (artifact id: 'f3d927de75f46ba7616887ad9d6d48a4') in 0.030950 seconds
  Import took 0.036245 seconds .

========================================================================
Received Prepare
Registering precompiled user dll's ...
Registered in 0.001248 seconds.
Begin MonoManager ReloadAssembly
Native extension for WindowsStandalone target not found
Refreshing native plugins compatible for Editor in 0.41 ms, found 1 plugins.
Preloading 0 native plugins for Editor in 0.00 ms.
Invoked RoslynAnalysisRunner static constructor.
RoslynAnalysisRunner will not be running.
RoslynAnalysisRunner has terminated.
Mono: successfully reloaded assembly
- Completed reload, in  1.301 seconds
Platform modules already initialized, skipping
Refreshing native plugins compatible for Editor in 0.52 ms, found 1 plugins.
Preloading 0 native plugins for Editor in 0.00 ms.
Unloading 1786 Unused Serialized files (Serialized files now loaded: 0)
System memory in use before: 89.4 MB.
System memory in use after: 89.4 MB.

Unloading 12 unused Assets to reduce memory usage. Loaded Objects now: 2303.
Total: 2.293600 ms (FindLiveObjects: 0.243000 ms CreateObjectMapping: 0.079200 ms MarkObjects: 1.862200 ms  DeleteObjects: 0.107800 ms)

========================================================================
Received Import Request.
  Time since last request: 8.158563 seconds.
  path: Assets/Scripts/ItemBox.cs
  artifactKey: Guid(b3c05584ae706b245b73d0631fc9b7f1) Importer(815301076,1909f56bfc062723c751e8b465ee728b)
Start importing Assets/Scripts/ItemBox.cs using Guid(b3c05584ae706b245b73d0631fc9b7f1) Importer(815301076,1909f56bfc062723c751e8b465ee728b)  -> (artifact id: '95b8455c4293afd6a12133671c6018d7') in 0.017502 seconds
  Import took 0.021977 seconds .

========================================================================
Received Prepare
Registering precompiled user dll's ...
Registered in 0.001872 seconds.
Begin MonoManager ReloadAssembly
Native extension for WindowsStandalone target not found
Refreshing native plugins compatible for Editor in 0.69 ms, found 1 plugins.
Preloading 0 native plugins for Editor in 0.00 ms.
Invoked RoslynAnalysisRunner static constructor.
RoslynAnalysisRunner will not be running.
RoslynAnalysisRunner has terminated.
Mono: successfully reloaded assembly
- Completed reload, in  1.846 seconds
Platform modules already initialized, skipping
Refreshing native plugins compatible for Editor in 0.73 ms, found 1 plugins.
Preloading 0 native plugins for Editor in 0.00 ms.
Unloading 1786 Unused Serialized files (Serialized files now loaded: 0)
System memory in use before: 89.5 MB.
System memory in use after: 89.5 MB.

Unloading 12 unused Assets to reduce memory usage. Loaded Objects now: 2306.
Total: 5.639200 ms (FindLiveObjects: 0.737400 ms CreateObjectMapping: 0.330200 ms MarkObjects: 4.299800 ms  DeleteObjects: 0.268000 ms)

========================================================================
Received Import Request.
  Time since last request: 293.623438 seconds.
  path: Assets/Scripts/GameItemHandler.cs
  artifactKey: Guid(6509d6dd1c76d904aaf3e59e3e34c164) Importer(815301076,1909f56bfc062723c751e8b465ee728b)
Start importing Assets/Scripts/GameItemHandler.cs using Guid(6509d6dd1c76d904aaf3e59e3e34c164) Importer(815301076,1909f56bfc062723c751e8b465ee728b)  -> (artifact id: 'ef8deb49544ac4625b3efd70dc048ab1') in 0.022623 seconds
  Import took 0.028997 seconds .

========================================================================
Received Prepare
Registering precompiled user dll's ...
Registered in 0.002182 seconds.
Begin MonoManager ReloadAssembly
Native extension for WindowsStandalone target not found
Refreshing native plugins compatible for Editor in 1.05 ms, found 1 plugins.
Preloading 0 native plugins for Editor in 0.00 ms.
Invoked RoslynAnalysisRunner static constructor.
RoslynAnalysisRunner will not be running.
RoslynAnalysisRunner has terminated.
Mono: successfully reloaded assembly
- Completed reload, in  2.517 seconds
Platform modules already initialized, skipping
Refreshing native plugins compatible for Editor in 0.72 ms, found 1 plugins.
Preloading 0 native plugins for Editor in 0.00 ms.
Unloading 1787 Unused Serialized files (Serialized files now loaded: 0)
System memory in use before: 88.6 MB.
System memory in use after: 88.6 MB.

Unloading 12 unused Assets to reduce memory usage. Loaded Objects now: 2310.
Total: 5.188500 ms (FindLiveObjects: 0.335200 ms CreateObjectMapping: 0.239800 ms MarkObjects: 4.412100 ms  DeleteObjects: 0.198600 ms)

========================================================================
Received Prepare
Registering precompiled user dll's ...
Registered in 0.003060 seconds.
Begin MonoManager ReloadAssembly
Native extension for WindowsStandalone target not found
Refreshing native plugins compatible for Editor in 0.81 ms, found 1 plugins.
Preloading 0 native plugins for Editor in 0.00 ms.
Invoked RoslynAnalysisRunner static constructor.
RoslynAnalysisRunner will not be running.
RoslynAnalysisRunner has terminated.
Mono: successfully reloaded assembly
- Completed reload, in  2.133 seconds
Platform modules already initialized, skipping
Refreshing native plugins compatible for Editor in 0.65 ms, found 1 plugins.
Preloading 0 native plugins for Editor in 0.00 ms.
Unloading 1786 Unused Serialized files (Serialized files now loaded: 0)
System memory in use before: 88.7 MB.
System memory in use after: 88.7 MB.

Unloading 13 unused Assets to reduce memory usage. Loaded Objects now: 2312.
Total: 4.846700 ms (FindLiveObjects: 0.540200 ms CreateObjectMapping: 0.238100 ms MarkObjects: 3.799000 ms  DeleteObjects: 0.266400 ms)

========================================================================
Received Import Request.
  Time since last request: 156.703138 seconds.
  path: Assets/Scripts/ItemBox.cs
  artifactKey: Guid(b3c05584ae706b245b73d0631fc9b7f1) Importer(815301076,1909f56bfc062723c751e8b465ee728b)
Start importing Assets/Scripts/ItemBox.cs using Guid(b3c05584ae706b245b73d0631fc9b7f1) Importer(815301076,1909f56bfc062723c751e8b465ee728b)  -> (artifact id: '9a6c8b44d1f86a78506485663db08a0d') in 0.014253 seconds
  Import took 0.020024 seconds .

========================================================================
Received Prepare
Registering precompiled user dll's ...
Registered in 0.001284 seconds.
Begin MonoManager ReloadAssembly
Native extension for WindowsStandalone target not found
Refreshing native plugins compatible for Editor in 0.52 ms, found 1 plugins.
Preloading 0 native plugins for Editor in 0.00 ms.
Invoked RoslynAnalysisRunner static constructor.
RoslynAnalysisRunner will not be running.
RoslynAnalysisRunner has terminated.
Mono: successfully reloaded assembly
- Completed reload, in  1.159 seconds
Platform modules already initialized, skipping
Refreshing native plugins compatible for Editor in 0.79 ms, found 1 plugins.
Preloading 0 native plugins for Editor in 0.00 ms.
Unloading 1787 Unused Serialized files (Serialized files now loaded: 0)
System memory in use before: 88.8 MB.
System memory in use after: 88.8 MB.

Unloading 12 unused Assets to reduce memory usage. Loaded Objects now: 2316.
Total: 3.774000 ms (FindLiveObjects: 0.666200 ms CreateObjectMapping: 0.374500 ms MarkObjects: 2.580000 ms  DeleteObjects: 0.150900 ms)

========================================================================
Received Import Request.
  Time since last request: 285.109218 seconds.
  path: Assets/Scripts/ItemBoostFunction.cs
  artifactKey: Guid(a856e5c6e62ba6841bbc6298ddea0d53) Importer(815301076,1909f56bfc062723c751e8b465ee728b)
Start importing Assets/Scripts/ItemBoostFunction.cs using Guid(a856e5c6e62ba6841bbc6298ddea0d53) Importer(815301076,1909f56bfc062723c751e8b465ee728b)  -> (artifact id: 'a79da52c068c7827ef4a63ce7eea9f4b') in 0.020489 seconds
  Import took 0.025816 seconds .

========================================================================
Received Prepare
Registering precompiled user dll's ...
Registered in 0.001148 seconds.
Begin MonoManager ReloadAssembly
Native extension for WindowsStandalone target not found
Refreshing native plugins compatible for Editor in 1.02 ms, found 1 plugins.
Preloading 0 native plugins for Editor in 0.00 ms.
Invoked RoslynAnalysisRunner static constructor.
RoslynAnalysisRunner will not be running.
RoslynAnalysisRunner has terminated.
Mono: successfully reloaded assembly
- Completed reload, in  2.356 seconds
Platform modules already initialized, skipping
Refreshing native plugins compatible for Editor in 0.59 ms, found 1 plugins.
Preloading 0 native plugins for Editor in 0.00 ms.
Unloading 1788 Unused Serialized files (Serialized files now loaded: 0)
System memory in use before: 88.9 MB.
System memory in use after: 88.9 MB.

Unloading 12 unused Assets to reduce memory usage. Loaded Objects now: 2320.
Total: 2.630200 ms (FindLiveObjects: 0.277400 ms CreateObjectMapping: 0.088500 ms MarkObjects: 2.130000 ms  DeleteObjects: 0.132300 ms)

========================================================================
Received Import Request.
  Time since last request: 107.554440 seconds.
  path: Assets/Scripts/Item.cs
  artifactKey: Guid(3fcf260377250e84a84d08d9e5d360da) Importer(815301076,1909f56bfc062723c751e8b465ee728b)
Start importing Assets/Scripts/Item.cs using Guid(3fcf260377250e84a84d08d9e5d360da) Importer(815301076,1909f56bfc062723c751e8b465ee728b)  -> (artifact id: '4630ffcaf21e51c1d5fc2b8e5901edda') in 0.032134 seconds
  Import took 0.037241 seconds .

========================================================================
Received Prepare
Registering precompiled user dll's ...
Registered in 0.001138 seconds.
Begin MonoManager ReloadAssembly
Native extension for WindowsStandalone target not found
Refreshing native plugins compatible for Editor in 0.97 ms, found 1 plugins.
Preloading 0 native plugins for Editor in 0.00 ms.
Invoked RoslynAnalysisRunner static constructor.
RoslynAnalysisRunner will not be running.
RoslynAnalysisRunner has terminated.
Mono: successfully reloaded assembly
- Completed reload, in  2.270 seconds
Platform modules already initialized, skipping
Refreshing native plugins compatible for Editor in 0.36 ms, found 1 plugins.
Preloading 0 native plugins for Editor in 0.00 ms.
Unloading 1789 Unused Serialized files (Serialized files now loaded: 0)
System memory in use before: 89.0 MB.
System memory in use after: 89.0 MB.

Unloading 12 unused Assets to reduce memory usage. Loaded Objects now: 2324.
Total: 2.491900 ms (FindLiveObjects: 0.201600 ms CreateObjectMapping: 0.077200 ms MarkObjects: 2.082400 ms  DeleteObjects: 0.129600 ms)

========================================================================
Received Prepare
Registering precompiled user dll's ...
Registered in 0.001158 seconds.
Begin MonoManager ReloadAssembly
Native extension for WindowsStandalone target not found
Refreshing native plugins compatible for Editor in 0.62 ms, found 1 plugins.
Preloading 0 native plugins for Editor in 0.00 ms.
Invoked RoslynAnalysisRunner static constructor.
RoslynAnalysisRunner will not be running.
RoslynAnalysisRunner has terminated.
Mono: successfully reloaded assembly
- Completed reload, in  2.012 seconds
Platform modules already initialized, skipping
Refreshing native plugins compatible for Editor in 0.66 ms, found 1 plugins.
Preloading 0 native plugins for Editor in 0.00 ms.
Unloading 1789 Unused Serialized files (Serialized files now loaded: 0)
System memory in use before: 89.1 MB.
System memory in use after: 89.1 MB.

Unloading 12 unused Assets to reduce memory usage. Loaded Objects now: 2327.
Total: 3.690900 ms (FindLiveObjects: 0.712100 ms CreateObjectMapping: 0.226000 ms MarkObjects: 2.557700 ms  DeleteObjects: 0.191200 ms)

========================================================================
Received Import Request.
  Time since last request: 323.452944 seconds.
  path: Assets/Scripts/Item.cs
  artifactKey: Guid(3fcf260377250e84a84d08d9e5d360da) Importer(815301076,1909f56bfc062723c751e8b465ee728b)
Start importing Assets/Scripts/Item.cs using Guid(3fcf260377250e84a84d08d9e5d360da) Importer(815301076,1909f56bfc062723c751e8b465ee728b)  -> (artifact id: '01ec733efc812168da36ce315f56b57a') in 0.007789 seconds
  Import took 0.011785 seconds .

========================================================================
Received Import Request.
  Time since last request: 1573.668945 seconds.
  path: Assets/New Folder
  artifactKey: Guid(dfda5ab4836061948a7b7646e30f95f8) Importer(815301076,1909f56bfc062723c751e8b465ee728b)
Start importing Assets/New Folder using Guid(dfda5ab4836061948a7b7646e30f95f8) Importer(815301076,1909f56bfc062723c751e8b465ee728b)  -> (artifact id: '099ab949cfdf7fc2a189e3b840a4d3b2') in 0.010369 seconds
  Import took 0.014431 seconds .

========================================================================
Received Import Request.
  Time since last request: 8.570035 seconds.
  path: Assets/Prefabs
  artifactKey: Guid(dfda5ab4836061948a7b7646e30f95f8) Importer(815301076,1909f56bfc062723c751e8b465ee728b)
Start importing Assets/Prefabs using Guid(dfda5ab4836061948a7b7646e30f95f8) Importer(815301076,1909f56bfc062723c751e8b465ee728b)  -> (artifact id: '0c81d1d591f202228bb04f7f1f2cb881') in 0.008887 seconds
  Import took 0.011919 seconds .

========================================================================
Received Import Request.
  Time since last request: 16.101590 seconds.
  path: Assets/Prefabs/New Item.asset
  artifactKey: Guid(779aadb1d3ce7f24e991ecee38e438c4) Importer(815301076,1909f56bfc062723c751e8b465ee728b)
Start importing Assets/Prefabs/New Item.asset using Guid(779aadb1d3ce7f24e991ecee38e438c4) Importer(815301076,1909f56bfc062723c751e8b465ee728b)  -> (artifact id: '05e1060ee58aae4ecbe7b4adfeaed65b') in 0.032671 seconds
  Import took 0.037061 seconds .

========================================================================
Received Prepare
Registering precompiled user dll's ...
Registered in 0.001196 seconds.
Begin MonoManager ReloadAssembly
Native extension for WindowsStandalone target not found
Refreshing native plugins compatible for Editor in 0.38 ms, found 1 plugins.
Preloading 0 native plugins for Editor in 0.00 ms.
Invoked RoslynAnalysisRunner static constructor.
RoslynAnalysisRunner will not be running.
RoslynAnalysisRunner has terminated.
Mono: successfully reloaded assembly
- Completed reload, in  1.542 seconds
Platform modules already initialized, skipping
Script error: OnTriggerEnter
This message parameter has to be of type: Collider
The message will be ignored.

Refreshing native plugins compatible for Editor in 0.36 ms, found 1 plugins.
Preloading 0 native plugins for Editor in 0.00 ms.
Unloading 1789 Unused Serialized files (Serialized files now loaded: 0)
System memory in use before: 89.4 MB.
System memory in use after: 89.4 MB.

Unloading 12 unused Assets to reduce memory usage. Loaded Objects now: 2330.
Total: 2.482200 ms (FindLiveObjects: 0.246300 ms CreateObjectMapping: 0.087100 ms MarkObjects: 2.034600 ms  DeleteObjects: 0.113000 ms)

========================================================================
Received Prepare
Registering precompiled user dll's ...
Registered in 0.001755 seconds.
Begin MonoManager ReloadAssembly
Native extension for WindowsStandalone target not found
Refreshing native plugins compatible for Editor in 0.36 ms, found 1 plugins.
Preloading 0 native plugins for Editor in 0.00 ms.
Invoked RoslynAnalysisRunner static constructor.
RoslynAnalysisRunner will not be running.
RoslynAnalysisRunner has terminated.
Mono: successfully reloaded assembly
- Completed reload, in  1.040 seconds
Platform modules already initialized, skipping
Script error: OnTriggerEnter
This message parameter has to be of type: Collider
The message will be ignored.

Refreshing native plugins compatible for Editor in 0.42 ms, found 1 plugins.
Preloading 0 native plugins for Editor in 0.00 ms.
Unloading 1789 Unused Serialized files (Serialized files now loaded: 0)
System memory in use before: 89.4 MB.
System memory in use after: 89.4 MB.

Unloading 12 unused Assets to reduce memory usage. Loaded Objects now: 2333.
Total: 2.887300 ms (FindLiveObjects: 0.337200 ms CreateObjectMapping: 0.095200 ms MarkObjects: 2.307700 ms  DeleteObjects: 0.144800 ms)

========================================================================
Received Prepare
Registering precompiled user dll's ...
Registered in 0.001156 seconds.
Begin MonoManager ReloadAssembly
Native extension for WindowsStandalone target not found
Refreshing native plugins compatible for Editor in 0.66 ms, found 1 plugins.
Preloading 0 native plugins for Editor in 0.00 ms.
Invoked RoslynAnalysisRunner static constructor.
RoslynAnalysisRunner will not be running.
RoslynAnalysisRunner has terminated.
Mono: successfully reloaded assembly
- Completed reload, in  1.156 seconds
Platform modules already initialized, skipping
Script error: OnTriggerEnter
This message parameter has to be of type: Collider
The message will be ignored.

Refreshing native plugins compatible for Editor in 0.37 ms, found 1 plugins.
Preloading 0 native plugins for Editor in 0.00 ms.
Unloading 1789 Unused Serialized files (Serialized files now loaded: 0)
System memory in use before: 89.5 MB.
System memory in use after: 89.5 MB.

Unloading 12 unused Assets to reduce memory usage. Loaded Objects now: 2336.
Total: 2.620700 ms (FindLiveObjects: 0.242400 ms CreateObjectMapping: 0.106100 ms MarkObjects: 2.099800 ms  DeleteObjects: 0.170100 ms)

========================================================================
Received Prepare
Registering precompiled user dll's ...
Registered in 0.001433 seconds.
Begin MonoManager ReloadAssembly
Native extension for WindowsStandalone target not found
Refreshing native plugins compatible for Editor in 0.36 ms, found 1 plugins.
Preloading 0 native plugins for Editor in 0.00 ms.
Invoked RoslynAnalysisRunner static constructor.
RoslynAnalysisRunner will not be running.
RoslynAnalysisRunner has terminated.
Mono: successfully reloaded assembly
- Completed reload, in  1.011 seconds
Platform modules already initialized, skipping
Refreshing native plugins compatible for Editor in 0.35 ms, found 1 plugins.
Preloading 0 native plugins for Editor in 0.00 ms.
Unloading 1789 Unused Serialized files (Serialized files now loaded: 0)
System memory in use before: 89.6 MB.
System memory in use after: 89.6 MB.

Unloading 12 unused Assets to reduce memory usage. Loaded Objects now: 2339.
Total: 2.267400 ms (FindLiveObjects: 0.268700 ms CreateObjectMapping: 0.081800 ms MarkObjects: 1.808900 ms  DeleteObjects: 0.106400 ms)

========================================================================
Received Prepare
Registering precompiled user dll's ...
Registered in 0.001147 seconds.
Begin MonoManager ReloadAssembly
Native extension for WindowsStandalone target not found
Refreshing native plugins compatible for Editor in 0.38 ms, found 1 plugins.
Preloading 0 native plugins for Editor in 0.00 ms.
Invoked RoslynAnalysisRunner static constructor.
RoslynAnalysisRunner will not be running.
RoslynAnalysisRunner has terminated.
Mono: successfully reloaded assembly
- Completed reload, in  0.982 seconds
Platform modules already initialized, skipping
Refreshing native plugins compatible for Editor in 0.36 ms, found 1 plugins.
Preloading 0 native plugins for Editor in 0.00 ms.
Unloading 1789 Unused Serialized files (Serialized files now loaded: 0)
System memory in use before: 89.7 MB.
System memory in use after: 89.7 MB.

Unloading 12 unused Assets to reduce memory usage. Loaded Objects now: 2342.
Total: 2.847400 ms (FindLiveObjects: 0.544400 ms CreateObjectMapping: 0.198000 ms MarkObjects: 1.991400 ms  DeleteObjects: 0.110700 ms)

========================================================================
Received Prepare
Registering precompiled user dll's ...
Registered in 0.003743 seconds.
Begin MonoManager ReloadAssembly
Native extension for WindowsStandalone target not found
Refreshing native plugins compatible for Editor in 0.37 ms, found 1 plugins.
Preloading 0 native plugins for Editor in 0.00 ms.
Invoked RoslynAnalysisRunner static constructor.
RoslynAnalysisRunner will not be running.
RoslynAnalysisRunner has terminated.
Mono: successfully reloaded assembly
- Completed reload, in  1.179 seconds
Platform modules already initialized, skipping
Refreshing native plugins compatible for Editor in 0.59 ms, found 1 plugins.
Preloading 0 native plugins for Editor in 0.00 ms.
Unloading 1789 Unused Serialized files (Serialized files now loaded: 0)
System memory in use before: 89.8 MB.
System memory in use after: 89.8 MB.

Unloading 12 unused Assets to reduce memory usage. Loaded Objects now: 2345.
Total: 7.214100 ms (FindLiveObjects: 0.719600 ms CreateObjectMapping: 0.229900 ms MarkObjects: 5.981800 ms  DeleteObjects: 0.279900 ms)

========================================================================
Received Prepare
Registering precompiled user dll's ...
Registered in 0.001154 seconds.
Begin MonoManager ReloadAssembly
Native extension for WindowsStandalone target not found
Refreshing native plugins compatible for Editor in 0.38 ms, found 1 plugins.
Preloading 0 native plugins for Editor in 0.00 ms.
Invoked RoslynAnalysisRunner static constructor.
RoslynAnalysisRunner will not be running.
RoslynAnalysisRunner has terminated.
Mono: successfully reloaded assembly
- Completed reload, in  1.022 seconds
Platform modules already initialized, skipping
Refreshing native plugins compatible for Editor in 0.37 ms, found 1 plugins.
Preloading 0 native plugins for Editor in 0.00 ms.
Unloading 1789 Unused Serialized files (Serialized files now loaded: 0)
System memory in use before: 88.9 MB.
System memory in use after: 88.9 MB.

Unloading 12 unused Assets to reduce memory usage. Loaded Objects now: 2348.
Total: 2.712000 ms (FindLiveObjects: 0.493400 ms CreateObjectMapping: 0.254900 ms MarkObjects: 1.853400 ms  DeleteObjects: 0.107700 ms)

========================================================================
Received Prepare
Registering precompiled user dll's ...
Registered in 0.001970 seconds.
Begin MonoManager ReloadAssembly
Native extension for WindowsStandalone target not found
Refreshing native plugins compatible for Editor in 0.41 ms, found 1 plugins.
Preloading 0 native plugins for Editor in 0.00 ms.
Invoked RoslynAnalysisRunner static constructor.
RoslynAnalysisRunner will not be running.
RoslynAnalysisRunner has terminated.
Mono: successfully reloaded assembly
- Completed reload, in  1.035 seconds
Platform modules already initialized, skipping
Refreshing native plugins compatible for Editor in 0.45 ms, found 1 plugins.
Preloading 0 native plugins for Editor in 0.00 ms.
Unloading 1789 Unused Serialized files (Serialized files now loaded: 0)
System memory in use before: 89.0 MB.
System memory in use after: 89.0 MB.

Unloading 12 unused Assets to reduce memory usage. Loaded Objects now: 2351.
Total: 2.707600 ms (FindLiveObjects: 0.250900 ms CreateObjectMapping: 0.111300 ms MarkObjects: 2.223500 ms  DeleteObjects: 0.120400 ms)

========================================================================
Received Prepare
Registering precompiled user dll's ...
Registered in 0.001128 seconds.
Begin MonoManager ReloadAssembly
Native extension for WindowsStandalone target not found
Refreshing native plugins compatible for Editor in 0.70 ms, found 1 plugins.
Preloading 0 native plugins for Editor in 0.00 ms.
Invoked RoslynAnalysisRunner static constructor.
RoslynAnalysisRunner will not be running.
RoslynAnalysisRunner has terminated.
Mono: successfully reloaded assembly
- Completed reload, in  1.151 seconds
Platform modules already initialized, skipping
Refreshing native plugins compatible for Editor in 0.42 ms, found 1 plugins.
Preloading 0 native plugins for Editor in 0.00 ms.
Unloading 1789 Unused Serialized files (Serialized files now loaded: 0)
System memory in use before: 89.1 MB.
System memory in use after: 89.1 MB.

Unloading 12 unused Assets to reduce memory usage. Loaded Objects now: 2354.
Total: 2.720700 ms (FindLiveObjects: 0.348000 ms CreateObjectMapping: 0.099200 ms MarkObjects: 2.127100 ms  DeleteObjects: 0.144000 ms)

========================================================================
Received Import Request.
  Time since last request: 9496.092520 seconds.
  path: Assets/Prefabs/Boost 1.asset
  artifactKey: Guid(779aadb1d3ce7f24e991ecee38e438c4) Importer(815301076,1909f56bfc062723c751e8b465ee728b)
Start importing Assets/Prefabs/Boost 1.asset using Guid(779aadb1d3ce7f24e991ecee38e438c4) Importer(815301076,1909f56bfc062723c751e8b465ee728b)  -> (artifact id: '4e923fa9895a5f0325f0f98e3241b2dd') in 0.024890 seconds
  Import took 0.030801 seconds .

========================================================================
Received Prepare
Registering precompiled user dll's ...
Registered in 0.001141 seconds.
Begin MonoManager ReloadAssembly
Native extension for WindowsStandalone target not found
Refreshing native plugins compatible for Editor in 0.36 ms, found 1 plugins.
Preloading 0 native plugins for Editor in 0.00 ms.
Invoked RoslynAnalysisRunner static constructor.
RoslynAnalysisRunner will not be running.
RoslynAnalysisRunner has terminated.
Mono: successfully reloaded assembly
- Completed reload, in  1.369 seconds
Platform modules already initialized, skipping
Refreshing native plugins compatible for Editor in 0.37 ms, found 1 plugins.
Preloading 0 native plugins for Editor in 0.00 ms.
Unloading 1789 Unused Serialized files (Serialized files now loaded: 0)
System memory in use before: 89.2 MB.
System memory in use after: 89.2 MB.

Unloading 12 unused Assets to reduce memory usage. Loaded Objects now: 2357.
Total: 2.475600 ms (FindLiveObjects: 0.276300 ms CreateObjectMapping: 0.148900 ms MarkObjects: 1.894400 ms  DeleteObjects: 0.154400 ms)

========================================================================
Received Prepare
Registering precompiled user dll's ...
Registered in 0.001105 seconds.
Begin MonoManager ReloadAssembly
Native extension for WindowsStandalone target not found
Refreshing native plugins compatible for Editor in 0.40 ms, found 1 plugins.
Preloading 0 native plugins for Editor in 0.00 ms.
Invoked RoslynAnalysisRunner static constructor.
RoslynAnalysisRunner will not be running.
RoslynAnalysisRunner has terminated.
Mono: successfully reloaded assembly
- Completed reload, in  1.198 seconds
Platform modules already initialized, skipping
Refreshing native plugins compatible for Editor in 0.85 ms, found 1 plugins.
Preloading 0 native plugins for Editor in 0.00 ms.
Unloading 1789 Unused Serialized files (Serialized files now loaded: 0)
System memory in use before: 89.3 MB.
System memory in use after: 89.3 MB.

Unloading 12 unused Assets to reduce memory usage. Loaded Objects now: 2360.
Total: 2.902800 ms (FindLiveObjects: 0.602000 ms CreateObjectMapping: 0.215900 ms MarkObjects: 1.973900 ms  DeleteObjects: 0.109700 ms)

========================================================================
Received Prepare
Registering precompiled user dll's ...
Registered in 0.001126 seconds.
Begin MonoManager ReloadAssembly
Native extension for WindowsStandalone target not found
Refreshing native plugins compatible for Editor in 0.37 ms, found 1 plugins.
Preloading 0 native plugins for Editor in 0.00 ms.
Invoked RoslynAnalysisRunner static constructor.
RoslynAnalysisRunner will not be running.
RoslynAnalysisRunner has terminated.
Mono: successfully reloaded assembly
- Completed reload, in  1.065 seconds
Platform modules already initialized, skipping
Refreshing native plugins compatible for Editor in 0.40 ms, found 1 plugins.
Preloading 0 native plugins for Editor in 0.00 ms.
Unloading 1789 Unused Serialized files (Serialized files now loaded: 0)
System memory in use before: 89.4 MB.
System memory in use after: 89.4 MB.

Unloading 12 unused Assets to reduce memory usage. Loaded Objects now: 2363.
Total: 2.302100 ms (FindLiveObjects: 0.206400 ms CreateObjectMapping: 0.075500 ms MarkObjects: 1.875300 ms  DeleteObjects: 0.143700 ms)

========================================================================
Received Prepare
Registering precompiled user dll's ...
Registered in 0.001144 seconds.
Begin MonoManager ReloadAssembly
Native extension for WindowsStandalone target not found
Refreshing native plugins compatible for Editor in 0.42 ms, found 1 plugins.
Preloading 0 native plugins for Editor in 0.00 ms.
Invoked RoslynAnalysisRunner static constructor.
RoslynAnalysisRunner will not be running.
RoslynAnalysisRunner has terminated.
Mono: successfully reloaded assembly
- Completed reload, in  0.928 seconds
Platform modules already initialized, skipping
Refreshing native plugins compatible for Editor in 0.36 ms, found 1 plugins.
Preloading 0 native plugins for Editor in 0.00 ms.
Unloading 1789 Unused Serialized files (Serialized files now loaded: 0)
System memory in use before: 89.5 MB.
System memory in use after: 89.5 MB.

Unloading 12 unused Assets to reduce memory usage. Loaded Objects now: 2366.
Total: 2.593600 ms (FindLiveObjects: 0.313700 ms CreateObjectMapping: 0.105200 ms MarkObjects: 2.057300 ms  DeleteObjects: 0.116000 ms)

========================================================================
Received Prepare
Registering precompiled user dll's ...
Registered in 0.002330 seconds.
Begin MonoManager ReloadAssembly
Native extension for WindowsStandalone target not found
Refreshing native plugins compatible for Editor in 0.67 ms, found 1 plugins.
Preloading 0 native plugins for Editor in 0.00 ms.
Invoked RoslynAnalysisRunner static constructor.
RoslynAnalysisRunner will not be running.
RoslynAnalysisRunner has terminated.
Mono: successfully reloaded assembly
- Completed reload, in  2.425 seconds
Platform modules already initialized, skipping
Refreshing native plugins compatible for Editor in 0.71 ms, found 1 plugins.
Preloading 0 native plugins for Editor in 0.00 ms.
Unloading 1789 Unused Serialized files (Serialized files now loaded: 0)
System memory in use before: 89.6 MB.
System memory in use after: 89.6 MB.

Unloading 12 unused Assets to reduce memory usage. Loaded Objects now: 2369.
Total: 5.977800 ms (FindLiveObjects: 0.735300 ms CreateObjectMapping: 0.278700 ms MarkObjects: 4.723400 ms  DeleteObjects: 0.236800 ms)

========================================================================
Received Prepare
Registering precompiled user dll's ...
Registered in 0.001402 seconds.
Begin MonoManager ReloadAssembly
Native extension for WindowsStandalone target not found
Refreshing native plugins compatible for Editor in 0.40 ms, found 1 plugins.
Preloading 0 native plugins for Editor in 0.00 ms.
Invoked RoslynAnalysisRunner static constructor.
RoslynAnalysisRunner will not be running.
RoslynAnalysisRunner has terminated.
Mono: successfully reloaded assembly
- Completed reload, in  1.036 seconds
Platform modules already initialized, skipping
Refreshing native plugins compatible for Editor in 0.36 ms, found 1 plugins.
Preloading 0 native plugins for Editor in 0.00 ms.
Unloading 1789 Unused Serialized files (Serialized files now loaded: 0)
System memory in use before: 89.7 MB.
System memory in use after: 89.7 MB.

Unloading 12 unused Assets to reduce memory usage. Loaded Objects now: 2372.
Total: 2.694000 ms (FindLiveObjects: 0.399400 ms CreateObjectMapping: 0.150000 ms MarkObjects: 2.026300 ms  DeleteObjects: 0.116600 ms)

========================================================================
Received Prepare
Registering precompiled user dll's ...
Registered in 0.004446 seconds.
Begin MonoManager ReloadAssembly
Native extension for WindowsStandalone target not found
Refreshing native plugins compatible for Editor in 0.69 ms, found 1 plugins.
Preloading 0 native plugins for Editor in 0.00 ms.
Invoked RoslynAnalysisRunner static constructor.
RoslynAnalysisRunner will not be running.
RoslynAnalysisRunner has terminated.
Mono: successfully reloaded assembly
- Completed reload, in  2.032 seconds
Platform modules already initialized, skipping
Refreshing native plugins compatible for Editor in 0.41 ms, found 1 plugins.
Preloading 0 native plugins for Editor in 0.00 ms.
Unloading 1790 Unused Serialized files (Serialized files now loaded: 0)
System memory in use before: 89.8 MB.
System memory in use after: 89.8 MB.

Unloading 12 unused Assets to reduce memory usage. Loaded Objects now: 2376.
Total: 3.243900 ms (FindLiveObjects: 0.545900 ms CreateObjectMapping: 0.159600 ms MarkObjects: 2.397600 ms  DeleteObjects: 0.138300 ms)

========================================================================
Received Import Request.
  Time since last request: 3095.003076 seconds.
  path: Assets/Scripts/ItemUIHan.cs
  artifactKey: Guid(164c40a9a882e9246a2eff046bc979d6) Importer(815301076,1909f56bfc062723c751e8b465ee728b)
Start importing Assets/Scripts/ItemUIHan.cs using Guid(164c40a9a882e9246a2eff046bc979d6) Importer(815301076,1909f56bfc062723c751e8b465ee728b)  -> (artifact id: '788abee4ee78a3a3e7b5182212f2cbf5') in 0.012124 seconds
  Import took 0.016609 seconds .

========================================================================
Received Prepare
Registering precompiled user dll's ...
Registered in 0.004969 seconds.
Begin MonoManager ReloadAssembly
Native extension for WindowsStandalone target not found
Refreshing native plugins compatible for Editor in 0.40 ms, found 1 plugins.
Preloading 0 native plugins for Editor in 0.00 ms.
Invoked RoslynAnalysisRunner static constructor.
RoslynAnalysisRunner will not be running.
RoslynAnalysisRunner has terminated.
Mono: successfully reloaded assembly
- Completed reload, in  1.023 seconds
Platform modules already initialized, skipping
Refreshing native plugins compatible for Editor in 0.62 ms, found 1 plugins.
Preloading 0 native plugins for Editor in 0.00 ms.
Unloading 1789 Unused Serialized files (Serialized files now loaded: 0)
System memory in use before: 89.8 MB.
System memory in use after: 89.8 MB.

Unloading 13 unused Assets to reduce memory usage. Loaded Objects now: 2378.
Total: 4.683000 ms (FindLiveObjects: 0.498600 ms CreateObjectMapping: 0.285000 ms MarkObjects: 3.706100 ms  DeleteObjects: 0.190800 ms)

========================================================================
Received Import Request.
  Time since last request: 16.330614 seconds.
  path: Assets/Scripts/ItemUiHandler.cs
  artifactKey: Guid(c7d2ebdb72808a74e9f6396bc5ac85af) Importer(815301076,1909f56bfc062723c751e8b465ee728b)
Start importing Assets/Scripts/ItemUiHandler.cs using Guid(c7d2ebdb72808a74e9f6396bc5ac85af) Importer(815301076,1909f56bfc062723c751e8b465ee728b)  -> (artifact id: '0af7f1fdb61fe6439777d85726d918d5') in 0.039894 seconds
  Import took 0.057844 seconds .

========================================================================
Received Prepare
Registering precompiled user dll's ...
Registered in 0.003256 seconds.
Begin MonoManager ReloadAssembly
Native extension for WindowsStandalone target not found
Refreshing native plugins compatible for Editor in 0.93 ms, found 1 plugins.
Preloading 0 native plugins for Editor in 0.00 ms.
Invoked RoslynAnalysisRunner static constructor.
RoslynAnalysisRunner will not be running.
RoslynAnalysisRunner has terminated.
Mono: successfully reloaded assembly
- Completed reload, in  3.281 seconds
Platform modules already initialized, skipping
Refreshing native plugins compatible for Editor in 0.83 ms, found 1 plugins.
Preloading 0 native plugins for Editor in 0.00 ms.
Unloading 1790 Unused Serialized files (Serialized files now loaded: 0)
System memory in use before: 89.9 MB.
System memory in use after: 89.9 MB.

Unloading 12 unused Assets to reduce memory usage. Loaded Objects now: 2382.
Total: 23.441200 ms (FindLiveObjects: 0.617500 ms CreateObjectMapping: 0.264600 ms MarkObjects: 22.084600 ms  DeleteObjects: 0.471100 ms)

========================================================================
Received Prepare
Registering precompiled user dll's ...
Registered in 0.002228 seconds.
Begin MonoManager ReloadAssembly
Native extension for WindowsStandalone target not found
Refreshing native plugins compatible for Editor in 0.68 ms, found 1 plugins.
Preloading 0 native plugins for Editor in 0.00 ms.
Invoked RoslynAnalysisRunner static constructor.
RoslynAnalysisRunner will not be running.
RoslynAnalysisRunner has terminated.
Mono: successfully reloaded assembly
- Completed reload, in  1.531 seconds
Platform modules already initialized, skipping
Refreshing native plugins compatible for Editor in 1.06 ms, found 1 plugins.
Preloading 0 native plugins for Editor in 0.00 ms.
Unloading 1790 Unused Serialized files (Serialized files now loaded: 0)
System memory in use before: 89.0 MB.
System memory in use after: 89.0 MB.

Unloading 12 unused Assets to reduce memory usage. Loaded Objects now: 2385.
Total: 4.647700 ms (FindLiveObjects: 0.526800 ms CreateObjectMapping: 0.223000 ms MarkObjects: 3.686100 ms  DeleteObjects: 0.208400 ms)

========================================================================
Received Import Request.
  Time since last request: 879.857481 seconds.
  path: Assets/Scripts/ItemUiHandler.cs
  artifactKey: Guid(c7d2ebdb72808a74e9f6396bc5ac85af) Importer(815301076,1909f56bfc062723c751e8b465ee728b)
Start importing Assets/Scripts/ItemUiHandler.cs using Guid(c7d2ebdb72808a74e9f6396bc5ac85af) Importer(815301076,1909f56bfc062723c751e8b465ee728b)  -> (artifact id: '0d4c7553e8ed3bf9fd82a7303b2add4b') in 0.020536 seconds
  Import took 0.031838 seconds .

========================================================================
Received Import Request.
  Time since last request: 388.628626 seconds.
  path: Assets/Pixel Art Icon Pack - RPG/Texture/Equipment
  artifactKey: Guid(ac5f79a5df937a54fa4de58fc0571d1c) Importer(815301076,1909f56bfc062723c751e8b465ee728b)
Start importing Assets/Pixel Art Icon Pack - RPG/Texture/Equipment using Guid(ac5f79a5df937a54fa4de58fc0571d1c) Importer(815301076,1909f56bfc062723c751e8b465ee728b)  -> (artifact id: '069035832b608c822732d8b91bae95c4') in 0.011140 seconds
  Import took 0.014970 seconds .

========================================================================
Received Prepare
Registering precompiled user dll's ...
Registered in 0.002567 seconds.
Begin MonoManager ReloadAssembly
Native extension for WindowsStandalone target not found
Refreshing native plugins compatible for Editor in 1.38 ms, found 1 plugins.
Preloading 0 native plugins for Editor in 0.00 ms.
Invoked RoslynAnalysisRunner static constructor.
RoslynAnalysisRunner will not be running.
RoslynAnalysisRunner has terminated.
Mono: successfully reloaded assembly
- Completed reload, in  3.755 seconds
Platform modules already initialized, skipping
Refreshing native plugins compatible for Editor in 0.77 ms, found 1 plugins.
Preloading 0 native plugins for Editor in 0.00 ms.
Unloading 1790 Unused Serialized files (Serialized files now loaded: 0)
System memory in use before: 89.1 MB.
System memory in use after: 89.1 MB.

Unloading 12 unused Assets to reduce memory usage. Loaded Objects now: 2388.
Total: 24.383300 ms (FindLiveObjects: 1.899500 ms CreateObjectMapping: 0.529900 ms MarkObjects: 21.709200 ms  DeleteObjects: 0.239500 ms)

========================================================================
Received Prepare
Registering precompiled user dll's ...
Registered in 0.002365 seconds.
Begin MonoManager ReloadAssembly
Native extension for WindowsStandalone target not found
Refreshing native plugins compatible for Editor in 0.72 ms, found 1 plugins.
Preloading 0 native plugins for Editor in 0.00 ms.
Invoked RoslynAnalysisRunner static constructor.
RoslynAnalysisRunner will not be running.
RoslynAnalysisRunner has terminated.
Mono: successfully reloaded assembly
- Completed reload, in  2.973 seconds
Platform modules already initialized, skipping
Refreshing native plugins compatible for Editor in 1.03 ms, found 1 plugins.
Preloading 0 native plugins for Editor in 0.00 ms.
Unloading 1790 Unused Serialized files (Serialized files now loaded: 0)
System memory in use before: 89.2 MB.
System memory in use after: 89.2 MB.

Unloading 12 unused Assets to reduce memory usage. Loaded Objects now: 2391.
Total: 7.140500 ms (FindLiveObjects: 0.815000 ms CreateObjectMapping: 0.256600 ms MarkObjects: 5.667900 ms  DeleteObjects: 0.397000 ms)

========================================================================
Received Prepare
Registering precompiled user dll's ...
Registered in 0.001771 seconds.
Begin MonoManager ReloadAssembly
Native extension for WindowsStandalone target not found
Refreshing native plugins compatible for Editor in 0.67 ms, found 1 plugins.
Preloading 0 native plugins for Editor in 0.00 ms.
Invoked RoslynAnalysisRunner static constructor.
RoslynAnalysisRunner will not be running.
RoslynAnalysisRunner has terminated.
Mono: successfully reloaded assembly
- Completed reload, in  1.543 seconds
Platform modules already initialized, skipping
Refreshing native plugins compatible for Editor in 0.81 ms, found 1 plugins.
Preloading 0 native plugins for Editor in 0.00 ms.
Unloading 1790 Unused Serialized files (Serialized files now loaded: 0)
System memory in use before: 89.3 MB.
System memory in use after: 89.3 MB.

Unloading 12 unused Assets to reduce memory usage. Loaded Objects now: 2394.
Total: 3.948100 ms (FindLiveObjects: 0.372300 ms CreateObjectMapping: 0.141300 ms MarkObjects: 3.241100 ms  DeleteObjects: 0.190800 ms)

========================================================================
Received Import Request.
  Time since last request: 224.618051 seconds.
  path: Assets/Prefabs/Boost 1.asset
  artifactKey: Guid(779aadb1d3ce7f24e991ecee38e438c4) Importer(815301076,1909f56bfc062723c751e8b465ee728b)
Start importing Assets/Prefabs/Boost 1.asset using Guid(779aadb1d3ce7f24e991ecee38e438c4) Importer(815301076,1909f56bfc062723c751e8b465ee728b)  -> (artifact id: '58adde07d75b607f364dca6a66162db9') in 0.027840 seconds
  Import took 0.032587 seconds .

========================================================================
Received Import Request.
  Time since last request: 0.001324 seconds.
  path: Assets/Prefabs/Boost 1.asset
  artifactKey: Guid(779aadb1d3ce7f24e991ecee38e438c4) Importer(815301076,1909f56bfc062723c751e8b465ee728b)
Start importing Assets/Prefabs/Boost 1.asset using Guid(779aadb1d3ce7f24e991ecee38e438c4) Importer(815301076,1909f56bfc062723c751e8b465ee728b)  -> (artifact id: '58adde07d75b607f364dca6a66162db9') in 0.006850 seconds
  Import took 0.013060 seconds .

========================================================================
Received Import Request.
  Time since last request: 18.672892 seconds.
  path: Assets/Prefabs/New Item.asset
  artifactKey: Guid(9efd29bf3760eca41800f8e08d38df2d) Importer(815301076,1909f56bfc062723c751e8b465ee728b)
Start importing Assets/Prefabs/New Item.asset using Guid(9efd29bf3760eca41800f8e08d38df2d) Importer(815301076,1909f56bfc062723c751e8b465ee728b)  -> (artifact id: 'bea3e6815405c15fe2c697e50ef811ae') in 0.008993 seconds
  Import took 0.012514 seconds .

========================================================================
Received Prepare
Registering precompiled user dll's ...
Registered in 0.001499 seconds.
Begin MonoManager ReloadAssembly
Native extension for WindowsStandalone target not found
Refreshing native plugins compatible for Editor in 1.49 ms, found 1 plugins.
Preloading 0 native plugins for Editor in 0.00 ms.
Invoked RoslynAnalysisRunner static constructor.
RoslynAnalysisRunner will not be running.
RoslynAnalysisRunner has terminated.
Mono: successfully reloaded assembly
- Completed reload, in  2.368 seconds
Platform modules already initialized, skipping
Refreshing native plugins compatible for Editor in 0.64 ms, found 1 plugins.
Preloading 0 native plugins for Editor in 0.00 ms.
Unloading 1790 Unused Serialized files (Serialized files now loaded: 0)
System memory in use before: 89.4 MB.
System memory in use after: 89.4 MB.

Unloading 12 unused Assets to reduce memory usage. Loaded Objects now: 2397.
Total: 6.025900 ms (FindLiveObjects: 1.018800 ms CreateObjectMapping: 0.247600 ms MarkObjects: 4.465700 ms  DeleteObjects: 0.290400 ms)

========================================================================
Received Prepare
Registering precompiled user dll's ...
Registered in 0.001157 seconds.
Begin MonoManager ReloadAssembly
Native extension for WindowsStandalone target not found
Refreshing native plugins compatible for Editor in 0.38 ms, found 1 plugins.
Preloading 0 native plugins for Editor in 0.00 ms.
Invoked RoslynAnalysisRunner static constructor.
RoslynAnalysisRunner will not be running.
RoslynAnalysisRunner has terminated.
Mono: successfully reloaded assembly
- Completed reload, in  0.954 seconds
Platform modules already initialized, skipping
Refreshing native plugins compatible for Editor in 0.61 ms, found 1 plugins.
Preloading 0 native plugins for Editor in 0.00 ms.
Unloading 1790 Unused Serialized files (Serialized files now loaded: 0)
System memory in use before: 89.5 MB.
System memory in use after: 89.5 MB.

Unloading 12 unused Assets to reduce memory usage. Loaded Objects now: 2400.
Total: 2.858700 ms (FindLiveObjects: 0.380200 ms CreateObjectMapping: 0.239300 ms MarkObjects: 2.102900 ms  DeleteObjects: 0.134200 ms)

========================================================================
Received Prepare
Registering precompiled user dll's ...
Registered in 0.005438 seconds.
Begin MonoManager ReloadAssembly
Native extension for WindowsStandalone target not found
Refreshing native plugins compatible for Editor in 0.98 ms, found 1 plugins.
Preloading 0 native plugins for Editor in 0.00 ms.
Invoked RoslynAnalysisRunner static constructor.
RoslynAnalysisRunner will not be running.
RoslynAnalysisRunner has terminated.
Mono: successfully reloaded assembly
- Completed reload, in  2.351 seconds
Platform modules already initialized, skipping
Refreshing native plugins compatible for Editor in 0.69 ms, found 1 plugins.
Preloading 0 native plugins for Editor in 0.00 ms.
Unloading 1790 Unused Serialized files (Serialized files now loaded: 0)
System memory in use before: 89.6 MB.
System memory in use after: 89.6 MB.

Unloading 12 unused Assets to reduce memory usage. Loaded Objects now: 2403.
Total: 5.174600 ms (FindLiveObjects: 0.958700 ms CreateObjectMapping: 0.879000 ms MarkObjects: 3.138800 ms  DeleteObjects: 0.195200 ms)

AssetImportWorkerClient::OnTransportError - code=2 error=End of file
